<?xml version="1.0" encoding="utf-8"?><testsuites name="pytest tests"><testsuite name="pytest" errors="0" failures="0" skipped="0" tests="25" time="3.430" timestamp="2026-03-23T05:22:15.991197+00:00" hostname="agent-env-cd408d52-fedf-4f7c-afcf-fce24fa57a03"><testcase classname="tests.test_medscribe_api.TestHealthCheck" name="test_health_endpoint" time="0.242" /><testcase classname="tests.test_medscribe_api.TestAuthentication" name="test_register_new_user" time="0.282" /><testcase classname="tests.test_medscribe_api.TestAuthentication" name="test_register_duplicate_email" time="0.359" /><testcase classname="tests.test_medscribe_api.TestAuthentication" name="test_login_success" time="0.265" /><testcase classname="tests.test_medscribe_api.TestAuthentication" name="test_login_invalid_credentials" time="0.267" /><testcase classname="tests.test_medscribe_api.TestAuthentication" name="test_get_current_user" time="0.046" /><testcase classname="tests.test_medscribe_api.TestPatients" name="test_create_patient" time="0.091" /><testcase classname="tests.test_medscribe_api.TestPatients" name="test_get_all_patients" time="0.083" /><testcase classname="tests.test_medscribe_api.TestPatients" name="test_get_patient_by_id" time="0.091" /><testcase classname="tests.test_medscribe_api.TestPatients" name="test_update_patient" time="0.174" /><testcase classname="tests.test_medscribe_api.TestPatients" name="test_delete_patient" time="0.176" /><testcase classname="tests.test_medscribe_api.TestConsultations" name="test_create_consultation" time="0.136" /><testcase classname="tests.test_medscribe_api.TestConsultations" name="test_get_all_consultations" time="0.085" /><testcase classname="tests.test_medscribe_api.TestConsultations" name="test_update_consultation" time="0.200" /><testcase classname="tests.test_medscribe_api.TestSimulatedAI" name="test_transcribe_endpoint" time="0.042" /><testcase classname="tests.test_medscribe_api.TestSimulatedAI" name="test_extract_medical_data" time="0.045" /><testcase classname="tests.test_medscribe_api.TestPrescriptions" name="test_create_prescription" time="0.221" /><testcase classname="tests.test_medscribe_api.TestPrescriptions" name="test_get_all_prescriptions" time="0.043" /><testcase classname="tests.test_medscribe_api.TestPrescriptions" name="test_get_prescription_pdf" time="0.187" /><testcase classname="tests.test_medscribe_api.TestMedications" name="test_search_medications_all" time="0.045" /><testcase classname="tests.test_medscribe_api.TestMedications" name="test_search_medications_query" time="0.043" /><testcase classname="tests.test_medscribe_api.TestMedications" name="test_explain_medication_ibuprofen" time="0.043" /><testcase classname="tests.test_medscribe_api.TestMedications" name="test_explain_medication_metformin" time="0.046" /><testcase classname="tests.test_medscribe_api.TestMedications" name="test_explain_medication_not_found" time="0.042" /><testcase classname="tests.test_medscribe_api.TestDashboard" name="test_dashboard_stats" time="0.069" /></testsuite></testsuites>