<?xml version="1.0" encoding="utf-8"?><testsuites name="pytest tests"><testsuite name="pytest" errors="0" failures="0" skipped="0" tests="25" time="3.711" timestamp="2026-03-20T20:47:56.220365+00:00" hostname="agent-env-cd408d52-fedf-4f7c-afcf-fce24fa57a03"><testcase classname="tests.test_medscribe_api.TestHealthCheck" name="test_health_endpoint" time="0.321" /><testcase classname="tests.test_medscribe_api.TestAuthentication" name="test_register_new_user" time="0.286" /><testcase classname="tests.test_medscribe_api.TestAuthentication" name="test_register_duplicate_email" time="0.326" /><testcase classname="tests.test_medscribe_api.TestAuthentication" name="test_login_success" time="0.275" /><testcase classname="tests.test_medscribe_api.TestAuthentication" name="test_login_invalid_credentials" time="0.268" /><testcase classname="tests.test_medscribe_api.TestAuthentication" name="test_get_current_user" time="0.054" /><testcase classname="tests.test_medscribe_api.TestPatients" name="test_create_patient" time="0.140" /><testcase classname="tests.test_medscribe_api.TestPatients" name="test_get_all_patients" time="0.050" /><testcase classname="tests.test_medscribe_api.TestPatients" name="test_get_patient_by_id" time="0.102" /><testcase classname="tests.test_medscribe_api.TestPatients" name="test_update_patient" time="0.191" /><testcase classname="tests.test_medscribe_api.TestPatients" name="test_delete_patient" time="0.160" /><testcase classname="tests.test_medscribe_api.TestConsultations" name="test_create_consultation" time="0.170" /><testcase classname="tests.test_medscribe_api.TestConsultations" name="test_get_all_consultations" time="0.069" /><testcase classname="tests.test_medscribe_api.TestConsultations" name="test_update_consultation" time="0.216" /><testcase classname="tests.test_medscribe_api.TestSimulatedAI" name="test_transcribe_endpoint" time="0.055" /><testcase classname="tests.test_medscribe_api.TestSimulatedAI" name="test_extract_medical_data" time="0.054" /><testcase classname="tests.test_medscribe_api.TestPrescriptions" name="test_create_prescription" time="0.255" /><testcase classname="tests.test_medscribe_api.TestPrescriptions" name="test_get_all_prescriptions" time="0.054" /><testcase classname="tests.test_medscribe_api.TestPrescriptions" name="test_get_prescription_pdf" time="0.231" /><testcase classname="tests.test_medscribe_api.TestMedications" name="test_search_medications_all" time="0.064" /><testcase classname="tests.test_medscribe_api.TestMedications" name="test_search_medications_query" time="0.051" /><testcase classname="tests.test_medscribe_api.TestMedications" name="test_explain_medication_ibuprofen" time="0.052" /><testcase classname="tests.test_medscribe_api.TestMedications" name="test_explain_medication_metformin" time="0.054" /><testcase classname="tests.test_medscribe_api.TestMedications" name="test_explain_medication_not_found" time="0.059" /><testcase classname="tests.test_medscribe_api.TestDashboard" name="test_dashboard_stats" time="0.052" /></testsuite></testsuites>